<?xml version="1.0" encoding="UTF-8"?>
<!-- Generated by org.testng.reporters.JUnitXMLReporter -->
<testsuite hostname="Syntaxs-MBP.fios-router.home" ignored="1" name="Smoke Test" tests="2" failures="0" timestamp="2021-01-13T21:04:44 EST" time="10.721" errors="0">
  <testcase name="adminLogin" time="1.514" classname="com.hrms.testcases.LoginTest"/>
  <testcase name="addEmployee" time="4.419" classname="com.hrms.testcases.AddEmployeeTest"/>
  <testcase name="invalidLoginErrorMessageValidation" time="0.0" classname="com.hrms.testcases.LoginTest">
    <ignored/>
  </testcase> <!-- invalidLoginErrorMessageValidation -->
</testsuite> <!-- Smoke Test -->
