<?xml version="1.0" encoding="UTF-8"?>
<testng-results skipped="0" failed="0" ignored="1" total="3" passed="2">
  <reporter-output>
  </reporter-output>
  <suite name="Smoke Suite" duration-ms="10721" started-at="2021-01-13T21:04:33 EST" finished-at="2021-01-13T21:04:44 EST">
    <groups>
      <group name="smoke">
        <method signature="AddEmployeeTest.addEmployee()[pri:0, instance:com.hrms.testcases.AddEmployeeTest@610694f1]" name="addEmployee" class="com.hrms.testcases.AddEmployeeTest"/>
        <method signature="LoginTest.adminLogin()[pri:0, instance:com.hrms.testcases.LoginTest@5ae63ade]" name="adminLogin" class="com.hrms.testcases.LoginTest"/>
      </group> <!-- smoke -->
    </groups>
    <test name="Smoke Test" duration-ms="10721" started-at="2021-01-13T21:04:33 EST" finished-at="2021-01-13T21:04:44 EST">
      <class name="com.hrms.testcases.LoginTest">
        <test-method status="PASS" signature="setUp()[pri:0, instance:com.hrms.testcases.LoginTest@5ae63ade]" name="setUp" is-config="true" duration-ms="1940" started-at="2021-01-13T21:04:33 EST" finished-at="2021-01-13T21:04:35 EST">
          <reporter-output>
          </reporter-output>
        </test-method> <!-- setUp -->
        <test-method status="PASS" signature="adminLogin()[pri:0, instance:com.hrms.testcases.LoginTest@5ae63ade]" name="adminLogin" duration-ms="1514" started-at="2021-01-13T21:04:35 EST" finished-at="2021-01-13T21:04:36 EST">
          <reporter-output>
          </reporter-output>
        </test-method> <!-- adminLogin -->
        <test-method status="PASS" signature="tearDown()[pri:0, instance:com.hrms.testcases.LoginTest@5ae63ade]" name="tearDown" is-config="true" duration-ms="83" started-at="2021-01-13T21:04:37 EST" finished-at="2021-01-13T21:04:37 EST">
          <reporter-output>
          </reporter-output>
        </test-method> <!-- tearDown -->
      </class> <!-- com.hrms.testcases.LoginTest -->
      <class name="com.hrms.testcases.AddEmployeeTest">
        <test-method status="PASS" signature="setUp()[pri:0, instance:com.hrms.testcases.AddEmployeeTest@610694f1]" name="setUp" is-config="true" duration-ms="1257" started-at="2021-01-13T21:04:37 EST" finished-at="2021-01-13T21:04:39 EST">
          <reporter-output>
          </reporter-output>
        </test-method> <!-- setUp -->
        <test-method status="PASS" signature="addEmployee()[pri:0, instance:com.hrms.testcases.AddEmployeeTest@610694f1]" name="addEmployee" duration-ms="4419" started-at="2021-01-13T21:04:39 EST" finished-at="2021-01-13T21:04:43 EST">
          <reporter-output>
          </reporter-output>
        </test-method> <!-- addEmployee -->
        <test-method status="PASS" signature="tearDown()[pri:0, instance:com.hrms.testcases.AddEmployeeTest@610694f1]" name="tearDown" is-config="true" duration-ms="85" started-at="2021-01-13T21:04:43 EST" finished-at="2021-01-13T21:04:44 EST">
          <reporter-output>
          </reporter-output>
        </test-method> <!-- tearDown -->
      </class> <!-- com.hrms.testcases.AddEmployeeTest -->
    </test> <!-- Smoke Test -->
  </suite> <!-- Smoke Suite -->
</testng-results>
